<?xml version="1.0" encoding="UTF-8"?>
<!-- Generated by org.testng.reporters.JUnitReportReporter -->
<testsuite hostname="DESKTOP-S0J7E8Q" failures="0" tests="5" name="Test.Test" time="69.705" errors="0" timestamp="2024-08-30T18:58:37 IST" skipped="0">
  <testcase classname="Test.Test" name="Homepage" time="0.811"/>
  <testcase classname="Test.Test" name="KidToys" time="7.784"/>
  <testcase classname="Test.Test" name="OutDoorPlay" time="8.805"/>
  <testcase classname="Test.Test" name="GamesPuzzles" time="16.955"/>
  <testcase classname="Test.Test" name="BabyCare" time="35.350"/>
</testsuite> <!-- Test.Test -->
